[2021-05-25 12:04:53.883] [exthost] [info] extension host started
[2021-05-25 12:04:54.067] [exthost] [info] ExtensionService#_doActivateExtension vscode.debug-auto-launch {"startup":true,"extensionId":{"value":"vscode.debug-auto-launch","_lower":"vscode.debug-auto-launch"},"activationEvent":"*"}
[2021-05-25 12:04:54.067] [exthost] [info] ExtensionService#loadCommonJSModule file:///home/ec2-user/.vscode-server/bin/054a9295330880ed74ceaedda236253b4f39a335/extensions/debug-auto-launch/dist/extension
[2021-05-25 12:04:54.075] [exthost] [info] ExtensionService#_doActivateExtension vscode.git {"startup":true,"extensionId":{"value":"vscode.github","_lower":"vscode.github"},"activationEvent":"*"}
[2021-05-25 12:04:54.075] [exthost] [info] ExtensionService#loadCommonJSModule file:///home/ec2-user/.vscode-server/bin/054a9295330880ed74ceaedda236253b4f39a335/extensions/git/dist/main
[2021-05-25 12:04:54.257] [exthost] [info] ExtensionService#_doActivateExtension vscode.github {"startup":true,"extensionId":{"value":"vscode.github","_lower":"vscode.github"},"activationEvent":"*"}
[2021-05-25 12:04:54.257] [exthost] [info] ExtensionService#loadCommonJSModule file:///home/ec2-user/.vscode-server/bin/054a9295330880ed74ceaedda236253b4f39a335/extensions/github/dist/extension.js
[2021-05-25 12:04:54.337] [exthost] [info] ExtensionService#_doActivateExtension vscode.emmet {"startup":false,"extensionId":{"value":"vscode.emmet","_lower":"vscode.emmet"},"activationEvent":"onStartupFinished"}
[2021-05-25 12:04:54.337] [exthost] [info] ExtensionService#loadCommonJSModule file:///home/ec2-user/.vscode-server/bin/054a9295330880ed74ceaedda236253b4f39a335/extensions/emmet/dist/node/emmetNodeMain
[2021-05-25 12:04:54.357] [exthost] [info] ExtensionService#_doActivateExtension vscode.merge-conflict {"startup":false,"extensionId":{"value":"vscode.merge-conflict","_lower":"vscode.merge-conflict"},"activationEvent":"onStartupFinished"}
[2021-05-25 12:04:54.357] [exthost] [info] ExtensionService#loadCommonJSModule file:///home/ec2-user/.vscode-server/bin/054a9295330880ed74ceaedda236253b4f39a335/extensions/merge-conflict/dist/mergeConflictMain
[2021-05-25 12:04:54.362] [exthost] [info] ExtensionService#_doActivateExtension vscode.testing-editor-contributions {"startup":false,"extensionId":{"value":"vscode.testing-editor-contributions","_lower":"vscode.testing-editor-contributions"},"activationEvent":"onStartupFinished"}
[2021-05-25 12:04:54.362] [exthost] [info] ExtensionService#loadCommonJSModule file:///home/ec2-user/.vscode-server/bin/054a9295330880ed74ceaedda236253b4f39a335/extensions/testing-editor-contributions/dist/extension.js
[2021-05-25 12:04:54.365] [exthost] [info] eager extensions activated
[2021-05-25 12:04:54.481] [exthost] [info] ExtensionService#_doActivateExtension ms-vscode.js-debug {"startup":false,"extensionId":{"value":"ms-vscode.js-debug","_lower":"ms-vscode.js-debug"},"activationEvent":"onCommand:extension.js-debug.clearAutoAttachVariables"}
[2021-05-25 12:04:54.481] [exthost] [info] ExtensionService#loadCommonJSModule file:///home/ec2-user/.vscode-server/bin/054a9295330880ed74ceaedda236253b4f39a335/extensions/ms-vscode.js-debug/src/extension.js
[2021-05-25 12:04:56.114] [exthost] [info] ExtensionService#_doActivateExtension vscode.configuration-editing {"startup":false,"extensionId":{"value":"vscode.configuration-editing","_lower":"vscode.configuration-editing"},"activationEvent":"onLanguage:jsonc"}
[2021-05-25 12:04:56.114] [exthost] [info] ExtensionService#loadCommonJSModule file:///home/ec2-user/.vscode-server/bin/054a9295330880ed74ceaedda236253b4f39a335/extensions/configuration-editing/dist/configurationEditingMain
[2021-05-25 12:04:56.120] [exthost] [info] ExtensionService#_doActivateExtension vscode.json-language-features {"startup":false,"extensionId":{"value":"vscode.json-language-features","_lower":"vscode.json-language-features"},"activationEvent":"onLanguage:jsonc"}
[2021-05-25 12:04:56.120] [exthost] [info] ExtensionService#loadCommonJSModule file:///home/ec2-user/.vscode-server/bin/054a9295330880ed74ceaedda236253b4f39a335/extensions/json-language-features/client/dist/node/jsonClientMain
[2021-05-25 12:04:56.172] [exthost] [info] ExtensionService#_doActivateExtension vscode.typescript-language-features {"startup":false,"extensionId":{"value":"vscode.typescript-language-features","_lower":"vscode.typescript-language-features"},"activationEvent":"onLanguage:jsonc"}
[2021-05-25 12:04:56.172] [exthost] [info] ExtensionService#loadCommonJSModule file:///home/ec2-user/.vscode-server/bin/054a9295330880ed74ceaedda236253b4f39a335/extensions/typescript-language-features/dist/extension
